borkozic/build/intermediates/manifest_merge_blame_file/debug/processDebugMainManifest/manifest-merger-blame-debug-report.txt
1<?xml version="1.0" encoding="utf-8"?>
2<!--
3   Borkozic - android navigation client that uses OziExplorer maps (ozf2, ozfx3).
4   Copyright (C) 2010-2013  Andrey Novikov <http://andreynovikov.info/>
5-->
6<manifest xmlns:android="http://schemas.android.com/apk/res/android"
7    package="com.borkozic"
8    android:installLocation="auto"
9    android:versionCode="1"
10    android:versionName="1.0" >
11
12    <uses-sdk
13        android:minSdkVersion="21"
14        android:targetSdkVersion="34" />
15
16    <supports-screens
16-->src\main\AndroidManifest.xml:8:5-13:40
17        android:anyDensity="true"
17-->src\main\AndroidManifest.xml:9:9-34
18        android:largeScreens="true"
18-->src\main\AndroidManifest.xml:10:9-36
19        android:normalScreens="true"
19-->src\main\AndroidManifest.xml:11:9-37
20        android:smallScreens="true"
20-->src\main\AndroidManifest.xml:12:9-36
21        android:xlargeScreens="true" />
21-->src\main\AndroidManifest.xml:13:9-37
22
23    <uses-feature
23-->src\main\AndroidManifest.xml:15:5-17:36
24        android:name="android.hardware.location"
24-->src\main\AndroidManifest.xml:16:9-49
25        android:required="false" />
25-->src\main\AndroidManifest.xml:17:9-33
26    <uses-feature
26-->src\main\AndroidManifest.xml:18:5-20:36
27        android:name="android.hardware.location.gps"
27-->src\main\AndroidManifest.xml:19:9-53
28        android:required="false" />
28-->src\main\AndroidManifest.xml:20:9-33
29    <uses-feature
29-->src\main\AndroidManifest.xml:21:5-23:36
30        android:name="android.hardware.location.network"
30-->src\main\AndroidManifest.xml:22:9-57
31        android:required="false" />
31-->src\main\AndroidManifest.xml:23:9-33
32
33    <permission
33-->src\main\AndroidManifest.xml:25:5-30:47
34        android:name="com.borkozic.permission.RECEIVE_LOCATION"
34-->src\main\AndroidManifest.xml:26:9-64
35        android:description="@string/perm_location_description"
35-->src\main\AndroidManifest.xml:27:9-64
36        android:icon="@drawable/icon"
36-->src\main\AndroidManifest.xml:28:9-38
37        android:label="@string/perm_location_title"
37-->src\main\AndroidManifest.xml:29:9-52
38        android:protectionLevel="dangerous" />
38-->src\main\AndroidManifest.xml:30:9-44
39    <permission
39-->src\main\AndroidManifest.xml:31:5-36:47
40        android:name="com.borkozic.permission.RECEIVE_TRACK"
40-->src\main\AndroidManifest.xml:32:9-61
41        android:description="@string/perm_tracking_description"
41-->src\main\AndroidManifest.xml:33:9-64
42        android:icon="@drawable/icon"
42-->src\main\AndroidManifest.xml:34:9-38
43        android:label="@string/perm_tracking_title"
43-->src\main\AndroidManifest.xml:35:9-52
44        android:protectionLevel="dangerous" />
44-->src\main\AndroidManifest.xml:36:9-44
45    <permission
45-->src\main\AndroidManifest.xml:37:5-42:47
46        android:name="com.borkozic.permission.NAVIGATION"
46-->src\main\AndroidManifest.xml:38:9-58
47        android:description="@string/perm_navigation_description"
47-->src\main\AndroidManifest.xml:39:9-66
48        android:icon="@drawable/icon"
48-->src\main\AndroidManifest.xml:40:9-38
49        android:label="@string/perm_navigation_title"
49-->src\main\AndroidManifest.xml:41:9-54
50        android:protectionLevel="dangerous" />
50-->src\main\AndroidManifest.xml:42:9-44
51    <permission
51-->src\main\AndroidManifest.xml:43:5-46:47
52        android:name="com.borkozic.permission.READ_PREFERENCES"
52-->src\main\AndroidManifest.xml:44:9-64
53        android:label="@string/perm_read_preferences_title"
53-->src\main\AndroidManifest.xml:45:9-60
54        android:protectionLevel="dangerous" />
54-->src\main\AndroidManifest.xml:46:9-44
55    <permission
55-->src\main\AndroidManifest.xml:47:5-50:47
56        android:name="com.borkozic.permission.READ_MAP_DATA"
56-->src\main\AndroidManifest.xml:48:9-61
57        android:label="@string/perm_read_map_data_title"
57-->src\main\AndroidManifest.xml:49:9-57
58        android:protectionLevel="dangerous" />
58-->src\main\AndroidManifest.xml:50:9-44
59    <permission
59-->src\main\AndroidManifest.xml:51:5-54:47
60        android:name="com.borkozic.permission.WRITE_MAP_DATA"
60-->src\main\AndroidManifest.xml:52:9-62
61        android:label="@string/perm_write_map_data_title"
61-->src\main\AndroidManifest.xml:53:9-58
62        android:protectionLevel="dangerous" />
62-->src\main\AndroidManifest.xml:54:9-44
63
64    <uses-permission android:name="android.permission.FOREGROUND_SERVICE" />
64-->src\main\AndroidManifest.xml:55:5-77
64-->src\main\AndroidManifest.xml:55:22-74
65    <uses-permission android:name="android.permission.FOREGROUND_SERVICE_LOCATION" />
65-->src\main\AndroidManifest.xml:56:5-86
65-->src\main\AndroidManifest.xml:56:22-83
66    <uses-permission android:name="android.permission.ACCESS_COARSE_LOCATION" />
66-->src\main\AndroidManifest.xml:57:5-81
66-->src\main\AndroidManifest.xml:57:22-78
67    <uses-permission android:name="android.permission.ACCESS_FINE_LOCATION" />
67-->src\main\AndroidManifest.xml:58:5-79
67-->src\main\AndroidManifest.xml:58:22-76
68    <uses-permission android:name="android.permission.ACCESS_LOCATION_EXTRA_COMMANDS" />
68-->src\main\AndroidManifest.xml:59:5-89
68-->src\main\AndroidManifest.xml:59:22-86
69    <!--
70     <uses-permission android:name="android.permission.WRITE_EXTERNAL_STORAGE" />
71     <uses-permission android:name="android.permission.READ_EXTERNAL_STORAGE" />
72    -->
73    <uses-permission android:name="android.permission.INTERNET" />
73-->src\main\AndroidManifest.xml:63:6-68
73-->src\main\AndroidManifest.xml:63:23-65
74    <uses-permission android:name="com.borkozic.permission.RECEIVE_LOCATION" />
74-->src\main\AndroidManifest.xml:64:6-81
74-->src\main\AndroidManifest.xml:64:23-78
75    <uses-permission android:name="com.borkozic.permission.RECEIVE_TRACK" />
75-->src\main\AndroidManifest.xml:65:6-78
75-->src\main\AndroidManifest.xml:65:23-75
76    <uses-permission android:name="com.borkozic.permission.NAVIGATION" />
76-->src\main\AndroidManifest.xml:66:6-75
76-->src\main\AndroidManifest.xml:66:23-72
77    <uses-permission android:name="android.permission.POST_NOTIFICATIONS" />
77-->src\main\AndroidManifest.xml:67:5-77
77-->src\main\AndroidManifest.xml:67:22-74
78
79    <permission
79-->[androidx.core:core:1.13.0] AndroidManifest.xml:22:5-24:47
80        android:name="com.borkozic.DYNAMIC_RECEIVER_NOT_EXPORTED_PERMISSION"
80-->[androidx.core:core:1.13.0] AndroidManifest.xml:23:9-81
81        android:protectionLevel="signature" />
81-->[androidx.core:core:1.13.0] AndroidManifest.xml:24:9-44
82
83    <uses-permission android:name="com.borkozic.DYNAMIC_RECEIVER_NOT_EXPORTED_PERMISSION" />
83-->[androidx.core:core:1.13.0] AndroidManifest.xml:26:5-97
83-->[androidx.core:core:1.13.0] AndroidManifest.xml:26:22-94
84
85    <application
85-->src\main\AndroidManifest.xml:69:6-420:19
86        android:name="com.borkozic.Borkozic"
86-->src\main\AndroidManifest.xml:70:10-34
87        android:allowBackup="true"
87-->src\main\AndroidManifest.xml:71:10-36
88        android:appComponentFactory="androidx.core.app.CoreComponentFactory"
88-->[androidx.core:core:1.13.0] AndroidManifest.xml:28:18-86
89        android:backupAgent="com.borkozic.Backup"
89-->src\main\AndroidManifest.xml:72:10-39
90        android:debuggable="true"
91        android:description="@string/homepage"
91-->src\main\AndroidManifest.xml:73:10-48
92        android:extractNativeLibs="true"
93        android:icon="@drawable/icon"
93-->src\main\AndroidManifest.xml:74:10-39
94        android:label="@string/app_name"
94-->src\main\AndroidManifest.xml:75:10-42
95        android:restoreAnyVersion="true"
95-->src\main\AndroidManifest.xml:76:10-42
96        android:testOnly="true"
97        android:theme="@style/Theme.AppCompat"
97-->src\main\AndroidManifest.xml:77:10-48
98        android:usesCleartextTraffic="true" >
98-->src\main\AndroidManifest.xml:78:10-45
99
100        <!-- android:theme="@style/ApplicationTheme"> -->
101        <activity
101-->src\main\AndroidManifest.xml:80:9-91:20
102            android:name="com.borkozic.Splash"
102-->src\main\AndroidManifest.xml:81:13-35
103            android:configChanges="orientation"
103-->src\main\AndroidManifest.xml:82:13-48
104            android:exported="true"
104-->src\main\AndroidManifest.xml:85:13-36
105            android:label="@string/app_name"
105-->src\main\AndroidManifest.xml:83:13-45
106            android:launchMode="singleTop" >
106-->src\main\AndroidManifest.xml:84:13-43
107            <intent-filter>
107-->src\main\AndroidManifest.xml:86:13-90:29
108                <action android:name="android.intent.action.MAIN" />
108-->src\main\AndroidManifest.xml:87:17-69
108-->src\main\AndroidManifest.xml:87:25-66
109
110                <category android:name="android.intent.category.LAUNCHER" />
110-->src\main\AndroidManifest.xml:89:17-77
110-->src\main\AndroidManifest.xml:89:27-74
111            </intent-filter>
112        </activity>
113        <activity
113-->src\main\AndroidManifest.xml:92:9-99:20
114            android:name="com.borkozic.MapActivity"
114-->src\main\AndroidManifest.xml:93:13-40
115            android:label="@string/app_name"
115-->src\main\AndroidManifest.xml:94:13-45
116            android:launchMode="singleTop" >
116-->src\main\AndroidManifest.xml:95:13-43
117            <meta-data
117-->src\main\AndroidManifest.xml:96:13-98:55
118                android:name="android.app.default_searchable"
118-->src\main\AndroidManifest.xml:97:17-62
119                android:value=".SearchableActivity" />
119-->src\main\AndroidManifest.xml:98:17-52
120        </activity>
121        <activity
121-->src\main\AndroidManifest.xml:100:9-116:20
122            android:name="com.borkozic.ExternalActions"
122-->src\main\AndroidManifest.xml:101:13-44
123            android:exported="true" >
123-->src\main\AndroidManifest.xml:102:13-36
124            <intent-filter>
124-->src\main\AndroidManifest.xml:103:13-108:29
125                <action android:name="com.borkozic.PLOT_ROUTE" />
125-->src\main\AndroidManifest.xml:104:17-66
125-->src\main\AndroidManifest.xml:104:25-63
126                <action android:name="com.google.android.radar.SHOW_RADAR" />
126-->src\main\AndroidManifest.xml:105:17-78
126-->src\main\AndroidManifest.xml:105:25-75
127
128                <category android:name="android.intent.category.DEFAULT" />
128-->src\main\AndroidManifest.xml:107:17-76
128-->src\main\AndroidManifest.xml:107:27-73
129            </intent-filter>
130            <intent-filter>
130-->src\main\AndroidManifest.xml:109:13-115:29
131                <action android:name="android.intent.action.VIEW" />
131-->src\main\AndroidManifest.xml:110:17-69
131-->src\main\AndroidManifest.xml:110:25-66
132
133                <data android:scheme="geo" />
133-->src\main\AndroidManifest.xml:112:17-46
133-->src\main\AndroidManifest.xml:112:23-43
134
135                <category android:name="android.intent.category.DEFAULT" />
135-->src\main\AndroidManifest.xml:107:17-76
135-->src\main\AndroidManifest.xml:107:27-73
136            </intent-filter>
137        </activity>
138        <activity
138-->src\main\AndroidManifest.xml:117:9-129:20
139            android:name="com.borkozic.SearchableActivity"
139-->src\main\AndroidManifest.xml:118:13-47
140            android:exported="true"
140-->src\main\AndroidManifest.xml:119:13-36
141            android:label="@string/search_name"
141-->src\main\AndroidManifest.xml:120:13-48
142            android:launchMode="singleTop" >
142-->src\main\AndroidManifest.xml:121:13-43
143            <intent-filter>
143-->src\main\AndroidManifest.xml:122:13-124:29
144                <action android:name="android.intent.action.SEARCH" />
144-->src\main\AndroidManifest.xml:123:17-71
144-->src\main\AndroidManifest.xml:123:25-68
145            </intent-filter>
146
147            <meta-data
147-->src\main\AndroidManifest.xml:126:13-128:54
148                android:name="android.app.searchable"
148-->src\main\AndroidManifest.xml:127:17-54
149                android:resource="@xml/searchable" />
149-->src\main\AndroidManifest.xml:128:17-51
150        </activity>
151        <activity
151-->src\main\AndroidManifest.xml:130:9-132:48
152            android:name="com.borkozic.HSIActivity"
152-->src\main\AndroidManifest.xml:131:13-40
153            android:label="@string/hsi_name" />
153-->src\main\AndroidManifest.xml:132:13-45
154        <activity
154-->src\main\AndroidManifest.xml:133:9-136:45
155            android:name="com.borkozic.Information"
155-->src\main\AndroidManifest.xml:134:13-40
156            android:label="@string/information_name"
156-->src\main\AndroidManifest.xml:135:13-53
157            android:theme="@style/Dialog" />
157-->src\main\AndroidManifest.xml:136:13-42
158        <activity
158-->src\main\AndroidManifest.xml:137:9-139:52
159            android:name="com.borkozic.Credits"
159-->src\main\AndroidManifest.xml:138:13-36
160            android:label="@string/credits_name" />
160-->src\main\AndroidManifest.xml:139:13-49
161        <activity
161-->src\main\AndroidManifest.xml:140:9-143:51
162            android:name="com.borkozic.Preferences"
162-->src\main\AndroidManifest.xml:141:13-40
163            android:label="@string/pref_name"
163-->src\main\AndroidManifest.xml:142:13-46
164            android:screenOrientation="portrait" />
164-->src\main\AndroidManifest.xml:143:13-49
165        <activity android:name="com.borkozic.Preferences$PluginsPreferences" />
165-->src\main\AndroidManifest.xml:145:9-68
165-->src\main\AndroidManifest.xml:145:19-65
166        <activity android:name="com.borkozic.Preferences$InnerPreferences" />
166-->src\main\AndroidManifest.xml:146:9-66
166-->src\main\AndroidManifest.xml:146:19-63
167        <activity android:name="com.borkozic.Preferences$OnlineMapPreferences" />
167-->src\main\AndroidManifest.xml:147:9-70
167-->src\main\AndroidManifest.xml:147:19-67
168        <activity android:name="com.borkozic.Preferences$ApplicationPreferences" />
168-->src\main\AndroidManifest.xml:148:9-72
168-->src\main\AndroidManifest.xml:148:19-69
169        <activity
169-->src\main\AndroidManifest.xml:149:9-152:51
170            android:name="com.borkozic.PreferencesHC"
170-->src\main\AndroidManifest.xml:150:13-42
171            android:label="@string/pref_name"
171-->src\main\AndroidManifest.xml:151:13-46
172            android:screenOrientation="portrait" />
172-->src\main\AndroidManifest.xml:152:13-49
173        <activity
173-->src\main\AndroidManifest.xml:153:9-156:45
174            android:name="com.borkozic.MapList"
174-->src\main\AndroidManifest.xml:154:13-36
175            android:label="@string/maplist_name"
175-->src\main\AndroidManifest.xml:155:13-49
176            android:theme="@style/Dialog" />
176-->src\main\AndroidManifest.xml:156:13-42
177        <activity
177-->src\main\AndroidManifest.xml:157:9-159:45
178            android:name="com.borkozic.ErrorDialog"
178-->src\main\AndroidManifest.xml:158:13-40
179            android:theme="@style/Dialog" />
179-->src\main\AndroidManifest.xml:159:13-42
180        <activity
180-->src\main\AndroidManifest.xml:160:9-162:59
181            android:name="com.borkozic.map.MapInformation"
181-->src\main\AndroidManifest.xml:161:13-47
182            android:label="@string/mapinformation_name" />
182-->src\main\AndroidManifest.xml:162:13-56
183        <activity
183-->src\main\AndroidManifest.xml:163:9-166:51
184            android:name="com.borkozic.waypoint.WaypointListActivity"
184-->src\main\AndroidManifest.xml:164:13-58
185            android:label="@string/managewaypoints_name"
185-->src\main\AndroidManifest.xml:165:13-57
186            android:screenOrientation="portrait" />
186-->src\main\AndroidManifest.xml:166:13-49
187        <activity
187-->src\main\AndroidManifest.xml:167:9-170:51
188            android:name="com.borkozic.waypoint.WaypointProperties"
188-->src\main\AndroidManifest.xml:168:13-56
189            android:label="@string/waypointproperties_name"
189-->src\main\AndroidManifest.xml:169:13-60
190            android:screenOrientation="portrait" />
190-->src\main\AndroidManifest.xml:170:13-49
191        <activity
191-->src\main\AndroidManifest.xml:171:9-181:20
192            android:name="com.borkozic.ui.MarkerPickerActivity"
192-->src\main\AndroidManifest.xml:172:13-52
193            android:exported="true"
193-->src\main\AndroidManifest.xml:173:13-36
194            android:label="@string/markericon_name"
194-->src\main\AndroidManifest.xml:174:13-52
195            android:theme="@style/Dialog" >
195-->src\main\AndroidManifest.xml:175:13-42
196            <intent-filter>
196-->src\main\AndroidManifest.xml:176:13-180:29
197                <action android:name="com.borkozic.PICK_ICON" />
197-->src\main\AndroidManifest.xml:177:17-65
197-->src\main\AndroidManifest.xml:177:25-62
198
199                <category android:name="android.intent.category.DEFAULT" />
199-->src\main\AndroidManifest.xml:107:17-76
199-->src\main\AndroidManifest.xml:107:27-73
200            </intent-filter>
201        </activity>
202        <activity
202-->src\main\AndroidManifest.xml:182:9-185:51
203            android:name="com.borkozic.waypoint.WaypointInfo"
203-->src\main\AndroidManifest.xml:183:13-50
204            android:screenOrientation="portrait"
204-->src\main\AndroidManifest.xml:185:13-49
205            android:theme="@style/Dialog" />
205-->src\main\AndroidManifest.xml:184:13-42
206        <activity
206-->src\main\AndroidManifest.xml:186:9-189:45
207            android:name="com.borkozic.waypoint.WaypointProject"
207-->src\main\AndroidManifest.xml:187:13-53
208            android:label="@string/waypointproject_name"
208-->src\main\AndroidManifest.xml:188:13-57
209            android:theme="@style/Dialog" />
209-->src\main\AndroidManifest.xml:189:13-42
210        <activity
210-->src\main\AndroidManifest.xml:190:9-193:45
211            android:name="com.borkozic.waypoint.WaypointFileList"
211-->src\main\AndroidManifest.xml:191:13-54
212            android:label="@string/loadwaypoints_name"
212-->src\main\AndroidManifest.xml:192:13-55
213            android:theme="@style/Dialog" />
213-->src\main\AndroidManifest.xml:193:13-42
214        <activity
214-->src\main\AndroidManifest.xml:194:9-227:20
215            android:name="com.borkozic.waypoint.WaypointFileLoad"
215-->src\main\AndroidManifest.xml:195:13-54
216            android:exported="true" >
216-->src\main\AndroidManifest.xml:196:13-36
217            <intent-filter>
217-->src\main\AndroidManifest.xml:197:13-206:29
218                <action android:name="android.intent.action.VIEW" />
218-->src\main\AndroidManifest.xml:110:17-69
218-->src\main\AndroidManifest.xml:110:25-66
219
220                <category android:name="android.intent.category.DEFAULT" />
220-->src\main\AndroidManifest.xml:107:17-76
220-->src\main\AndroidManifest.xml:107:27-73
221
222                <data android:scheme="file" />
222-->src\main\AndroidManifest.xml:112:17-46
222-->src\main\AndroidManifest.xml:112:23-43
223                <data android:host="*" />
223-->src\main\AndroidManifest.xml:112:17-46
223-->src\main\AndroidManifest.xml:203:23-39
224                <data android:mimeType="*/*" />
224-->src\main\AndroidManifest.xml:112:17-46
224-->src\main\AndroidManifest.xml:204:23-45
225                <data android:pathPattern=".*\\.wpt" />
225-->src\main\AndroidManifest.xml:112:17-46
225-->src\main\AndroidManifest.xml:205:23-53
226            </intent-filter>
227            <intent-filter>
227-->src\main\AndroidManifest.xml:207:13-216:29
228                <action android:name="android.intent.action.VIEW" />
228-->src\main\AndroidManifest.xml:110:17-69
228-->src\main\AndroidManifest.xml:110:25-66
229
230                <category android:name="android.intent.category.DEFAULT" />
230-->src\main\AndroidManifest.xml:107:17-76
230-->src\main\AndroidManifest.xml:107:27-73
231
232                <data android:scheme="file" />
232-->src\main\AndroidManifest.xml:112:17-46
232-->src\main\AndroidManifest.xml:112:23-43
233                <data android:host="*" />
233-->src\main\AndroidManifest.xml:112:17-46
233-->src\main\AndroidManifest.xml:203:23-39
234                <data android:mimeType="*/*" />
234-->src\main\AndroidManifest.xml:112:17-46
234-->src\main\AndroidManifest.xml:204:23-45
235                <data android:pathPattern=".*\\.kml" />
235-->src\main\AndroidManifest.xml:112:17-46
235-->src\main\AndroidManifest.xml:205:23-53
236            </intent-filter>
237            <intent-filter>
237-->src\main\AndroidManifest.xml:217:13-226:29
238                <action android:name="android.intent.action.VIEW" />
238-->src\main\AndroidManifest.xml:110:17-69
238-->src\main\AndroidManifest.xml:110:25-66
239
240                <category android:name="android.intent.category.DEFAULT" />
240-->src\main\AndroidManifest.xml:107:17-76
240-->src\main\AndroidManifest.xml:107:27-73
241
242                <data android:scheme="file" />
242-->src\main\AndroidManifest.xml:112:17-46
242-->src\main\AndroidManifest.xml:112:23-43
243                <data android:host="*" />
243-->src\main\AndroidManifest.xml:112:17-46
243-->src\main\AndroidManifest.xml:203:23-39
244                <data android:mimeType="*/*" />
244-->src\main\AndroidManifest.xml:112:17-46
244-->src\main\AndroidManifest.xml:204:23-45
245                <data android:pathPattern=".*\\.gpx" />
245-->src\main\AndroidManifest.xml:112:17-46
245-->src\main\AndroidManifest.xml:205:23-53
246            </intent-filter>
247        </activity>
248        <activity
248-->src\main\AndroidManifest.xml:228:9-231:45
249            android:name="com.borkozic.waypoint.CoordinatesReceived"
249-->src\main\AndroidManifest.xml:229:13-57
250            android:label="@string/coordinates_name"
250-->src\main\AndroidManifest.xml:230:13-53
251            android:theme="@style/Dialog" />
251-->src\main\AndroidManifest.xml:231:13-42
252        <activity
252-->src\main\AndroidManifest.xml:232:9-234:57
253            android:name="com.borkozic.track.TrackListActivity"
253-->src\main\AndroidManifest.xml:233:13-52
254            android:label="@string/managetracks_name" />
254-->src\main\AndroidManifest.xml:234:13-54
255        <activity
255-->src\main\AndroidManifest.xml:235:9-237:60
256            android:name="com.borkozic.track.TrackProperties"
256-->src\main\AndroidManifest.xml:236:13-50
257            android:label="@string/trackproperties_name" />
257-->src\main\AndroidManifest.xml:237:13-57
258        <activity
258-->src\main\AndroidManifest.xml:238:9-241:45
259            android:name="com.borkozic.track.TrackFileList"
259-->src\main\AndroidManifest.xml:239:13-48
260            android:label="@string/loadtrack_name"
260-->src\main\AndroidManifest.xml:240:13-51
261            android:theme="@style/Dialog" />
261-->src\main\AndroidManifest.xml:241:13-42
262        <activity
262-->src\main\AndroidManifest.xml:242:9-244:56
263            android:name="com.borkozic.track.TrackToRoute"
263-->src\main\AndroidManifest.xml:243:13-47
264            android:label="@string/track2route_name" />
264-->src\main\AndroidManifest.xml:244:13-53
265        <activity
265-->src\main\AndroidManifest.xml:245:9-248:45
266            android:name="com.borkozic.track.TrackSave"
266-->src\main\AndroidManifest.xml:246:13-44
267            android:label="@string/savetrack_name"
267-->src\main\AndroidManifest.xml:247:13-51
268            android:theme="@style/Dialog" />
268-->src\main\AndroidManifest.xml:248:13-42
269        <activity
269-->src\main\AndroidManifest.xml:250:9-254:51
270            android:name="com.borkozic.route.RouteFileList"
270-->src\main\AndroidManifest.xml:251:13-48
271            android:label="@string/loadroute_name"
271-->src\main\AndroidManifest.xml:252:13-51
272            android:screenOrientation="portrait"
272-->src\main\AndroidManifest.xml:254:13-49
273            android:theme="@style/Dialog" />
273-->src\main\AndroidManifest.xml:253:13-42
274        <activity
274-->src\main\AndroidManifest.xml:255:9-257:45
275            android:name="com.borkozic.route.RouteStart"
275-->src\main\AndroidManifest.xml:256:13-45
276            android:theme="@style/Dialog" />
276-->src\main\AndroidManifest.xml:257:13-42
277        <activity
277-->src\main\AndroidManifest.xml:258:9-261:51
278            android:name="com.borkozic.route.RouteListActivity"
278-->src\main\AndroidManifest.xml:259:13-52
279            android:label="@string/manageroutes_name"
279-->src\main\AndroidManifest.xml:260:13-54
280            android:screenOrientation="portrait" />
280-->src\main\AndroidManifest.xml:261:13-49
281        <activity
281-->src\main\AndroidManifest.xml:262:9-265:51
282            android:name="com.borkozic.route.RouteEdit"
282-->src\main\AndroidManifest.xml:263:13-44
283            android:screenOrientation="portrait"
283-->src\main\AndroidManifest.xml:265:13-49
284            android:theme="@style/Dialog" />
284-->src\main\AndroidManifest.xml:264:13-42
285        <activity
285-->src\main\AndroidManifest.xml:266:9-269:45
286            android:name="com.borkozic.route.RouteSave"
286-->src\main\AndroidManifest.xml:267:13-44
287            android:label="@string/saveroute_name"
287-->src\main\AndroidManifest.xml:268:13-51
288            android:theme="@style/Dialog" />
288-->src\main\AndroidManifest.xml:269:13-42
289        <activity
289-->src\main\AndroidManifest.xml:270:9-273:51
290            android:name="com.borkozic.route.RouteProperties"
290-->src\main\AndroidManifest.xml:271:13-50
291            android:label="@string/routeproperties_name"
291-->src\main\AndroidManifest.xml:272:13-57
292            android:screenOrientation="portrait" />
292-->src\main\AndroidManifest.xml:273:13-49
293        <activity
293-->src\main\AndroidManifest.xml:274:9-277:51
294            android:name="com.borkozic.route.RouteDetails"
294-->src\main\AndroidManifest.xml:275:13-47
295            android:label="@string/routedetails_name"
295-->src\main\AndroidManifest.xml:276:13-54
296            android:screenOrientation="portrait" />
296-->src\main\AndroidManifest.xml:277:13-49
297        <activity
297-->src\main\AndroidManifest.xml:279:9-283:51
298            android:name="com.borkozic.area.AreaFileList"
298-->src\main\AndroidManifest.xml:280:13-46
299            android:label="@string/loadarea_name"
299-->src\main\AndroidManifest.xml:281:13-50
300            android:screenOrientation="portrait"
300-->src\main\AndroidManifest.xml:283:13-49
301            android:theme="@style/Dialog" />
301-->src\main\AndroidManifest.xml:282:13-42
302        <activity
302-->src\main\AndroidManifest.xml:284:9-286:45
303            android:name="com.borkozic.area.AreaStart"
303-->src\main\AndroidManifest.xml:285:13-43
304            android:theme="@style/Dialog" />
304-->src\main\AndroidManifest.xml:286:13-42
305        <activity
305-->src\main\AndroidManifest.xml:287:9-290:51
306            android:name="com.borkozic.area.AreaListActivity"
306-->src\main\AndroidManifest.xml:288:13-50
307            android:label="@string/manageareas_name"
307-->src\main\AndroidManifest.xml:289:13-53
308            android:screenOrientation="portrait" />
308-->src\main\AndroidManifest.xml:290:13-49
309        <activity
309-->src\main\AndroidManifest.xml:291:9-294:51
310            android:name="com.borkozic.area.AreaEdit"
310-->src\main\AndroidManifest.xml:292:13-42
311            android:screenOrientation="portrait"
311-->src\main\AndroidManifest.xml:294:13-49
312            android:theme="@style/Dialog" />
312-->src\main\AndroidManifest.xml:293:13-42
313        <activity
313-->src\main\AndroidManifest.xml:295:9-298:45
314            android:name="com.borkozic.area.AreaSave"
314-->src\main\AndroidManifest.xml:296:13-42
315            android:label="@string/savearea_name"
315-->src\main\AndroidManifest.xml:297:13-50
316            android:theme="@style/Dialog" />
316-->src\main\AndroidManifest.xml:298:13-42
317        <activity
317-->src\main\AndroidManifest.xml:299:9-302:51
318            android:name="com.borkozic.area.AreaProperties"
318-->src\main\AndroidManifest.xml:300:13-48
319            android:label="@string/areaproperties_name"
319-->src\main\AndroidManifest.xml:301:13-56
320            android:screenOrientation="portrait" />
320-->src\main\AndroidManifest.xml:302:13-49
321        <activity
321-->src\main\AndroidManifest.xml:303:9-306:51
322            android:name="com.borkozic.area.AreaDetails"
322-->src\main\AndroidManifest.xml:304:13-45
323            android:label="@string/areadetails_name"
323-->src\main\AndroidManifest.xml:305:13-53
324            android:screenOrientation="portrait" />
324-->src\main\AndroidManifest.xml:306:13-49
325
326        <!--
327        <activity
328            android:name="com.borkozic.plugin.locationshare.SituationList"
329            android:label="@string/pref_sharing_title"
330            android:screenOrientation="portrait">
331
332            <intent-filter>
333                <action android:name="com.borkozic.plugins.view" />
334            </intent-filter>
335        </activity>
336        <activity
337            android:name="com.borkozic.plugin.locationshare.SharingPreferences"
338            android:label="@string/pref_sharing_title"
339            android:screenOrientation="portrait">
340
341            <intent-filter>
342                <action android:name="com.borkozic.plugins.preferences" />
343            </intent-filter>
344        </activity>
345        -->
346
347        <receiver
347-->src\main\AndroidManifest.xml:329:9-338:20
348            android:name="com.borkozic.ActionsReceiver"
348-->src\main\AndroidManifest.xml:330:13-44
349            android:exported="true" >
349-->src\main\AndroidManifest.xml:331:13-36
350            <intent-filter>
350-->src\main\AndroidManifest.xml:332:13-334:29
351                <action android:name="com.borkozic.COORDINATES_RECEIVED" />
351-->src\main\AndroidManifest.xml:333:17-76